<?xml version="1.0" encoding="UTF-8"?>
<!-- Generated by org.testng.reporters.JUnitXMLReporter -->
<testsuite ignored="0" hostname="DESKTOP-N2PRSIL" failures="0" tests="6" name="ChromeTest" time="115.173" errors="0" timestamp="2025-06-06T10:26:40 IST">
  <testcase classname="testCases.TC_003LoginWithInvalidEmailAndPassword" name="ClickOnSignup" time="1.73"/>
  <testcase classname="testCases.TC_001SignupForNewUser" name="ClickSignupLogin" time="3.653"/>
  <testcase classname="testCases.TC_004ContacttoUsTest" name="ContactToUs" time="28.244"/>
  <testcase classname="testCases.TC_002VerifyTestCases" name="VerifyTestCases" time="1.927"/>
  <testcase classname="testCases.TC_001SignupForNewUser" name="EnterAccountDetails" time="35.39"/>
  <testcase classname="testCases.TC_003LoginWithInvalidEmailAndPassword" name="VerifLoginFunctionality" time="2.379"/>
</testsuite> <!-- ChromeTest -->
