<?xml version="1.0" encoding="UTF-8"?>
<!-- Generated by org.testng.reporters.JUnitXMLReporter -->
<testsuite ignored="0" hostname="DESKTOP-N2PRSIL" failures="0" tests="6" name="ChromeTest" time="75.174" errors="0" timestamp="2025-06-05T17:34:59 IST">
  <testcase classname="testCases.TC_003LoginWithInvalidEmailAndPassword" name="ClickOnSignup" time="1.577"/>
  <testcase classname="testCases.TC_001SignupForNewUser" name="ClickSignupLogin" time="3.477"/>
  <testcase classname="testCases.TC_004ContacttoUsTest" name="ContactToUs" time="8.525"/>
  <testcase classname="testCases.TC_002VerifyTestCases" name="VerifyTestCases" time="1.234"/>
  <testcase classname="testCases.TC_001SignupForNewUser" name="EnterAccountDetails" time="31.198"/>
  <testcase classname="testCases.TC_003LoginWithInvalidEmailAndPassword" name="VerifLoginFunctionality" time="3.746"/>
</testsuite> <!-- ChromeTest -->
