<?xml version="1.0" encoding="UTF-8"?>
<!-- Generated by org.testng.reporters.JUnitXMLReporter -->
<testsuite ignored="0" hostname="DESKTOP-N2PRSIL" failures="0" tests="6" name="chrometest" time="115.115" errors="0" timestamp="2025-06-05T14:21:21 IST">
  <testcase classname="testCases.TC_003LoginWithInvalidEmailAndPassword" name="ClickOnSignup" time="1.121"/>
  <testcase classname="testCases.TC_001SignupForNewUser" name="ClickSignupLogin" time="4.464"/>
  <testcase classname="testCases.TC_004ContacttoUsTest" name="ContactToUs" time="28.214"/>
  <testcase classname="testCases.TC_002VerifyTestCases" name="VerifyTestCases" time="1.966"/>
  <testcase classname="testCases.TC_001SignupForNewUser" name="EnterAccountDetails" time="30.709"/>
  <testcase classname="testCases.TC_003LoginWithInvalidEmailAndPassword" name="VerifLoginFunctionality" time="1.899"/>
</testsuite> <!-- chrometest -->
