<?xml version="1.0" encoding="UTF-8"?>
<!-- Generated by org.testng.reporters.JUnitXMLReporter -->
<testsuite ignored="0" hostname="DESKTOP-N2PRSIL" failures="0" tests="3" name="firefoxtest" time="53.408" errors="0" timestamp="2025-06-04T15:07:49 IST">
  <testcase classname="testCases.TC_001SignupForNewUser" name="ClickSignupLogin" time="4.542"/>
  <testcase classname="testCases.TC_002VerifyTestCases" name="VerifyTestCases" time="2.118"/>
  <testcase classname="testCases.TC_001SignupForNewUser" name="EnterAccountDetails" time="9.195"/>
</testsuite> <!-- firefoxtest -->
