<?xml version="1.0" encoding="UTF-8"?>
<!-- Generated by org.testng.reporters.JUnitXMLReporter -->
<testsuite ignored="0" hostname="DESKTOP-N2PRSIL" failures="0" tests="5" name="Test" time="67.016" errors="0" timestamp="2025-06-04T09:27:26 IST">
  <testcase classname="testCases.TC_002VerifyTestCases" name="VerifyTestCases" time="2.174"/>
  <testcase classname="testCases.TC_001SignupForNewUser" name="ClickSignupLogin" time="4.619"/>
  <testcase classname="testCases.TC_001SignupForNewUser" name="EnterAccountDetails" time="15.242"/>
  <testcase classname="testCases.TC_003LoginWithInvalidEmailAndPassword" name="ClickOnSignup" time="2.305"/>
  <testcase classname="testCases.TC_003LoginWithInvalidEmailAndPassword" name="VerifLoginFunctionality" time="1.218"/>
</testsuite> <!-- Test -->
