<?xml version="1.0" encoding="UTF-8"?>
<testng-results ignored="0" total="6" passed="6" failed="0" skipped="0">
  <reporter-output>
  </reporter-output>
  <suite started-at="2025-06-06T10:24:42 IST" name="Master Suite" finished-at="2025-06-06T10:26:38 IST" duration-ms="115173">
    <groups>
      <group name="Master">
        <method signature="TC_001SignupForNewUser.ClickSignupLogin()[pri:1, instance:testCases.TC_001SignupForNewUser@3d34d211]" name="ClickSignupLogin" class="testCases.TC_001SignupForNewUser"/>
        <method signature="TC_002VerifyTestCases.VerifyTestCases()[pri:1, instance:testCases.TC_002VerifyTestCases@2de23121]" name="VerifyTestCases" class="testCases.TC_002VerifyTestCases"/>
        <method signature="TC_003LoginWithInvalidEmailAndPassword.ClickOnSignup()[pri:1, instance:testCases.TC_003LoginWithInvalidEmailAndPassword@63475ace]" name="ClickOnSignup" class="testCases.TC_003LoginWithInvalidEmailAndPassword"/>
        <method signature="TC_004ContacttoUsTest.ContactToUs()[pri:1, instance:testCases.TC_004ContacttoUsTest@4988d8b8]" name="ContactToUs" class="testCases.TC_004ContacttoUsTest"/>
        <method signature="TC_001SignupForNewUser.EnterAccountDetails()[pri:2, instance:testCases.TC_001SignupForNewUser@3d34d211]" name="EnterAccountDetails" class="testCases.TC_001SignupForNewUser"/>
      </group> <!-- Master -->
      <group name="Sanity">
        <method signature="TC_002VerifyTestCases.VerifyTestCases()[pri:1, instance:testCases.TC_002VerifyTestCases@2de23121]" name="VerifyTestCases" class="testCases.TC_002VerifyTestCases"/>
        <method signature="TC_003LoginWithInvalidEmailAndPassword.ClickOnSignup()[pri:1, instance:testCases.TC_003LoginWithInvalidEmailAndPassword@63475ace]" name="ClickOnSignup" class="testCases.TC_003LoginWithInvalidEmailAndPassword"/>
        <method signature="TC_004ContacttoUsTest.ContactToUs()[pri:1, instance:testCases.TC_004ContacttoUsTest@4988d8b8]" name="ContactToUs" class="testCases.TC_004ContacttoUsTest"/>
      </group> <!-- Sanity -->
      <group name="Regression">
        <method signature="TC_001SignupForNewUser.ClickSignupLogin()[pri:1, instance:testCases.TC_001SignupForNewUser@3d34d211]" name="ClickSignupLogin" class="testCases.TC_001SignupForNewUser"/>
        <method signature="TC_001SignupForNewUser.EnterAccountDetails()[pri:2, instance:testCases.TC_001SignupForNewUser@3d34d211]" name="EnterAccountDetails" class="testCases.TC_001SignupForNewUser"/>
      </group> <!-- Regression -->
    </groups>
    <test started-at="2025-06-06T10:24:42 IST" name="ChromeTest" finished-at="2025-06-06T10:26:38 IST" duration-ms="115173">
      <class name="testCases.TC_003LoginWithInvalidEmailAndPassword">
        <test-method is-config="true" signature="setup(java.lang.String,java.lang.String)[pri:0, instance:testCases.TC_003LoginWithInvalidEmailAndPassword@63475ace]" started-at="2025-06-06T10:24:43 IST" name="setup" finished-at="2025-06-06T10:24:57 IST" duration-ms="14190" status="PASS">
          <params>
            <param index="0">
              <value>
                <![CDATA[Windows]]>
              </value>
            </param>
            <param index="1">
              <value>
                <![CDATA[chrome]]>
              </value>
            </param>
          </params>
          <reporter-output>
          </reporter-output>
        </test-method> <!-- setup -->
        <test-method signature="ClickOnSignup()[pri:1, instance:testCases.TC_003LoginWithInvalidEmailAndPassword@63475ace]" started-at="2025-06-06T10:24:57 IST" name="ClickOnSignup" finished-at="2025-06-06T10:24:59 IST" duration-ms="1730" status="PASS">
          <reporter-output>
          </reporter-output>
        </test-method> <!-- ClickOnSignup -->
        <test-method signature="VerifLoginFunctionality()[pri:2, instance:testCases.TC_003LoginWithInvalidEmailAndPassword@63475ace]" started-at="2025-06-06T10:26:35 IST" name="VerifLoginFunctionality" finished-at="2025-06-06T10:26:37 IST" duration-ms="2379" status="PASS">
          <reporter-output>
          </reporter-output>
        </test-method> <!-- VerifLoginFunctionality -->
        <test-method is-config="true" signature="tearDown()[pri:0, instance:testCases.TC_003LoginWithInvalidEmailAndPassword@63475ace]" started-at="2025-06-06T10:26:37 IST" name="tearDown" finished-at="2025-06-06T10:26:38 IST" duration-ms="506" status="PASS">
          <reporter-output>
          </reporter-output>
        </test-method> <!-- tearDown -->
      </class> <!-- testCases.TC_003LoginWithInvalidEmailAndPassword -->
      <class name="testCases.TC_002VerifyTestCases">
        <test-method is-config="true" signature="setup(java.lang.String,java.lang.String)[pri:0, instance:testCases.TC_002VerifyTestCases@2de23121]" started-at="2025-06-06T10:25:47 IST" name="setup" finished-at="2025-06-06T10:25:57 IST" duration-ms="10223" status="PASS">
          <params>
            <param index="0">
              <value>
                <![CDATA[Windows]]>
              </value>
            </param>
            <param index="1">
              <value>
                <![CDATA[chrome]]>
              </value>
            </param>
          </params>
          <reporter-output>
          </reporter-output>
        </test-method> <!-- setup -->
        <test-method signature="VerifyTestCases()[pri:1, instance:testCases.TC_002VerifyTestCases@2de23121]" started-at="2025-06-06T10:25:57 IST" name="VerifyTestCases" finished-at="2025-06-06T10:25:59 IST" duration-ms="1927" status="PASS">
          <reporter-output>
          </reporter-output>
        </test-method> <!-- VerifyTestCases -->
        <test-method is-config="true" signature="tearDown()[pri:0, instance:testCases.TC_002VerifyTestCases@2de23121]" started-at="2025-06-06T10:25:59 IST" name="tearDown" finished-at="2025-06-06T10:25:59 IST" duration-ms="170" status="PASS">
          <reporter-output>
          </reporter-output>
        </test-method> <!-- tearDown -->
      </class> <!-- testCases.TC_002VerifyTestCases -->
      <class name="testCases.TC_004ContacttoUsTest">
        <test-method is-config="true" signature="setup(java.lang.String,java.lang.String)[pri:0, instance:testCases.TC_004ContacttoUsTest@4988d8b8]" started-at="2025-06-06T10:25:10 IST" name="setup" finished-at="2025-06-06T10:25:18 IST" duration-ms="7754" status="PASS">
          <params>
            <param index="0">
              <value>
                <![CDATA[Windows]]>
              </value>
            </param>
            <param index="1">
              <value>
                <![CDATA[chrome]]>
              </value>
            </param>
          </params>
          <reporter-output>
          </reporter-output>
        </test-method> <!-- setup -->
        <test-method signature="ContactToUs()[pri:1, instance:testCases.TC_004ContacttoUsTest@4988d8b8]" started-at="2025-06-06T10:25:18 IST" name="ContactToUs" finished-at="2025-06-06T10:25:46 IST" duration-ms="28244" status="PASS">
          <reporter-output>
          </reporter-output>
        </test-method> <!-- ContactToUs -->
        <test-method is-config="true" signature="tearDown()[pri:0, instance:testCases.TC_004ContacttoUsTest@4988d8b8]" started-at="2025-06-06T10:25:46 IST" name="tearDown" finished-at="2025-06-06T10:25:47 IST" duration-ms="314" status="PASS">
          <reporter-output>
          </reporter-output>
        </test-method> <!-- tearDown -->
      </class> <!-- testCases.TC_004ContacttoUsTest -->
      <class name="testCases.TC_001SignupForNewUser">
        <test-method is-config="true" signature="setup(java.lang.String,java.lang.String)[pri:0, instance:testCases.TC_001SignupForNewUser@3d34d211]" started-at="2025-06-06T10:24:59 IST" name="setup" finished-at="2025-06-06T10:25:07 IST" duration-ms="7800" status="PASS">
          <params>
            <param index="0">
              <value>
                <![CDATA[Windows]]>
              </value>
            </param>
            <param index="1">
              <value>
                <![CDATA[chrome]]>
              </value>
            </param>
          </params>
          <reporter-output>
          </reporter-output>
        </test-method> <!-- setup -->
        <test-method signature="ClickSignupLogin()[pri:1, instance:testCases.TC_001SignupForNewUser@3d34d211]" started-at="2025-06-06T10:25:07 IST" name="ClickSignupLogin" finished-at="2025-06-06T10:25:10 IST" duration-ms="3653" status="PASS">
          <reporter-output>
          </reporter-output>
        </test-method> <!-- ClickSignupLogin -->
        <test-method signature="EnterAccountDetails()[pri:2, instance:testCases.TC_001SignupForNewUser@3d34d211]" started-at="2025-06-06T10:25:59 IST" name="EnterAccountDetails" finished-at="2025-06-06T10:26:34 IST" duration-ms="35390" status="PASS">
          <reporter-output>
          </reporter-output>
        </test-method> <!-- EnterAccountDetails -->
        <test-method is-config="true" signature="tearDown()[pri:0, instance:testCases.TC_001SignupForNewUser@3d34d211]" started-at="2025-06-06T10:26:34 IST" name="tearDown" finished-at="2025-06-06T10:26:35 IST" duration-ms="347" status="PASS">
          <reporter-output>
          </reporter-output>
        </test-method> <!-- tearDown -->
      </class> <!-- testCases.TC_001SignupForNewUser -->
    </test> <!-- ChromeTest -->
  </suite> <!-- Master Suite -->
</testng-results>
