<?xml version="1.0" encoding="UTF-8"?>
<testng-results ignored="0" total="6" passed="6" failed="0" skipped="0">
  <reporter-output>
  </reporter-output>
  <suite started-at="2025-06-05T14:19:26 IST" name="Suite" finished-at="2025-06-05T14:21:21 IST" duration-ms="115115">
    <groups>
    </groups>
    <test started-at="2025-06-05T14:19:26 IST" name="chrometest" finished-at="2025-06-05T14:21:21 IST" duration-ms="115115">
      <class name="testCases.TC_003LoginWithInvalidEmailAndPassword">
        <test-method is-config="true" signature="setup(java.lang.String,java.lang.String)[pri:0, instance:testCases.TC_003LoginWithInvalidEmailAndPassword@43c1b556]" started-at="2025-06-05T14:19:26 IST" name="setup" finished-at="2025-06-05T14:19:36 IST" duration-ms="9552" status="PASS">
          <params>
            <param index="0">
              <value>
                <![CDATA[Windows]]>
              </value>
            </param>
            <param index="1">
              <value>
                <![CDATA[chrome]]>
              </value>
            </param>
          </params>
          <reporter-output>
          </reporter-output>
        </test-method> <!-- setup -->
        <test-method signature="ClickOnSignup()[pri:1, instance:testCases.TC_003LoginWithInvalidEmailAndPassword@43c1b556]" started-at="2025-06-05T14:19:36 IST" name="ClickOnSignup" finished-at="2025-06-05T14:19:37 IST" duration-ms="1121" status="PASS">
          <reporter-output>
          </reporter-output>
        </test-method> <!-- ClickOnSignup -->
        <test-method signature="VerifLoginFunctionality()[pri:2, instance:testCases.TC_003LoginWithInvalidEmailAndPassword@43c1b556]" started-at="2025-06-05T14:21:19 IST" name="VerifLoginFunctionality" finished-at="2025-06-05T14:21:21 IST" duration-ms="1899" status="PASS">
          <reporter-output>
          </reporter-output>
        </test-method> <!-- VerifLoginFunctionality -->
        <test-method is-config="true" signature="tearDown()[pri:0, instance:testCases.TC_003LoginWithInvalidEmailAndPassword@43c1b556]" started-at="2025-06-05T14:21:21 IST" name="tearDown" finished-at="2025-06-05T14:21:21 IST" duration-ms="182" status="PASS">
          <reporter-output>
          </reporter-output>
        </test-method> <!-- tearDown -->
      </class> <!-- testCases.TC_003LoginWithInvalidEmailAndPassword -->
      <class name="testCases.TC_002VerifyTestCases">
        <test-method is-config="true" signature="setup(java.lang.String,java.lang.String)[pri:0, instance:testCases.TC_002VerifyTestCases@4009e306]" started-at="2025-06-05T14:20:41 IST" name="setup" finished-at="2025-06-05T14:20:46 IST" duration-ms="5253" status="PASS">
          <params>
            <param index="0">
              <value>
                <![CDATA[Windows]]>
              </value>
            </param>
            <param index="1">
              <value>
                <![CDATA[chrome]]>
              </value>
            </param>
          </params>
          <reporter-output>
          </reporter-output>
        </test-method> <!-- setup -->
        <test-method signature="VerifyTestCases()[pri:1, instance:testCases.TC_002VerifyTestCases@4009e306]" started-at="2025-06-05T14:20:46 IST" name="VerifyTestCases" finished-at="2025-06-05T14:20:48 IST" duration-ms="1966" status="PASS">
          <reporter-output>
          </reporter-output>
        </test-method> <!-- VerifyTestCases -->
        <test-method is-config="true" signature="tearDown()[pri:0, instance:testCases.TC_002VerifyTestCases@4009e306]" started-at="2025-06-05T14:20:48 IST" name="tearDown" finished-at="2025-06-05T14:20:48 IST" duration-ms="160" status="PASS">
          <reporter-output>
          </reporter-output>
        </test-method> <!-- tearDown -->
      </class> <!-- testCases.TC_002VerifyTestCases -->
      <class name="testCases.TC_004ContacttoUsTest">
        <test-method is-config="true" signature="setup(java.lang.String,java.lang.String)[pri:0, instance:testCases.TC_004ContacttoUsTest@587e5365]" started-at="2025-06-05T14:19:47 IST" name="setup" finished-at="2025-06-05T14:20:12 IST" duration-ms="25639" status="PASS">
          <params>
            <param index="0">
              <value>
                <![CDATA[Windows]]>
              </value>
            </param>
            <param index="1">
              <value>
                <![CDATA[chrome]]>
              </value>
            </param>
          </params>
          <reporter-output>
          </reporter-output>
        </test-method> <!-- setup -->
        <test-method signature="ContactToUs()[pri:1, instance:testCases.TC_004ContacttoUsTest@587e5365]" started-at="2025-06-05T14:20:12 IST" name="ContactToUs" finished-at="2025-06-05T14:20:40 IST" duration-ms="28214" status="PASS">
          <reporter-output>
          </reporter-output>
        </test-method> <!-- ContactToUs -->
        <test-method is-config="true" signature="tearDown()[pri:0, instance:testCases.TC_004ContacttoUsTest@587e5365]" started-at="2025-06-05T14:20:40 IST" name="tearDown" finished-at="2025-06-05T14:20:41 IST" duration-ms="304" status="PASS">
          <reporter-output>
          </reporter-output>
        </test-method> <!-- tearDown -->
      </class> <!-- testCases.TC_004ContacttoUsTest -->
      <class name="testCases.TC_001SignupForNewUser">
        <test-method is-config="true" signature="setup(java.lang.String,java.lang.String)[pri:0, instance:testCases.TC_001SignupForNewUser@2002fc1d]" started-at="2025-06-05T14:19:37 IST" name="setup" finished-at="2025-06-05T14:19:42 IST" duration-ms="5274" status="PASS">
          <params>
            <param index="0">
              <value>
                <![CDATA[Windows]]>
              </value>
            </param>
            <param index="1">
              <value>
                <![CDATA[chrome]]>
              </value>
            </param>
          </params>
          <reporter-output>
          </reporter-output>
        </test-method> <!-- setup -->
        <test-method signature="ClickSignupLogin()[pri:1, instance:testCases.TC_001SignupForNewUser@2002fc1d]" started-at="2025-06-05T14:19:42 IST" name="ClickSignupLogin" finished-at="2025-06-05T14:19:47 IST" duration-ms="4464" status="PASS">
          <reporter-output>
          </reporter-output>
        </test-method> <!-- ClickSignupLogin -->
        <test-method signature="EnterAccountDetails()[pri:2, instance:testCases.TC_001SignupForNewUser@2002fc1d]" started-at="2025-06-05T14:20:48 IST" name="EnterAccountDetails" finished-at="2025-06-05T14:21:19 IST" duration-ms="30709" status="PASS">
          <reporter-output>
          </reporter-output>
        </test-method> <!-- EnterAccountDetails -->
        <test-method is-config="true" signature="tearDown()[pri:0, instance:testCases.TC_001SignupForNewUser@2002fc1d]" started-at="2025-06-05T14:21:19 IST" name="tearDown" finished-at="2025-06-05T14:21:19 IST" duration-ms="244" status="PASS">
          <reporter-output>
          </reporter-output>
        </test-method> <!-- tearDown -->
      </class> <!-- testCases.TC_001SignupForNewUser -->
    </test> <!-- chrometest -->
  </suite> <!-- Suite -->
</testng-results>
